<?xml version="1.0" encoding="UTF-8"?>
<robot generator="Robot 6.1 (Python 3.11.3 on win32)" generated="20231003 11:52:04.414" rpa="false" schemaversion="4">
<suite id="s1" name="Dashboard" source="C:\Users\quems\Desktop\Fixpay_projetos_atualizados\portal-intranet\test_robot_framework\Dashboard\dashboard.robot">
<test id="s1-t1" name="Caso de Teste 1: Acessando a tela de dashboard" line="7">
<kw name="Abrir Site intranet" library="todos_login" type="SETUP">
<kw name="Open Browser" library="SeleniumLibrary">
<arg>browser=chrome</arg>
<doc>Opens a new browser instance to the optional ``url``.</doc>
<msg timestamp="20231003 11:52:04.568" level="INFO">Opening browser 'chrome' to base url 'None'.</msg>
<status status="PASS" starttime="20231003 11:52:04.568" endtime="20231003 11:52:06.853"/>
</kw>
<kw name="Maximize Browser Window" library="SeleniumLibrary">
<doc>Maximizes current browser window.</doc>
<status status="PASS" starttime="20231003 11:52:06.853" endtime="20231003 11:52:06.968"/>
</kw>
<status status="PASS" starttime="20231003 11:52:04.568" endtime="20231003 11:52:06.968"/>
</kw>
<kw name="Dado fazendo login" library="todos_login">
<kw name="Go To" library="SeleniumLibrary">
<arg>url=${URL}</arg>
<doc>Navigates the current browser window to the provided ``url``.</doc>
<msg timestamp="20231003 11:52:06.969" level="INFO">Opening url 'http://localhost:8080/auth/login'</msg>
<status status="PASS" starttime="20231003 11:52:06.969" endtime="20231003 11:52:08.358"/>
</kw>
<kw name="Sleep" library="BuiltIn">
<arg>2</arg>
<doc>Pauses the test executed for the given time.</doc>
<msg timestamp="20231003 11:52:10.361" level="INFO">Slept 2 seconds</msg>
<status status="PASS" starttime="20231003 11:52:08.359" endtime="20231003 11:52:10.361"/>
</kw>
<kw name="Input Text" library="SeleniumLibrary">
<arg>locator=//input[contains(@type,'text')]</arg>
<arg>text=RAFAEL.PINHEIRO@FIXPAY.COM.BR</arg>
<doc>Types the given ``text`` into the text field identified by ``locator``.</doc>
<msg timestamp="20231003 11:52:10.361" level="INFO">Typing text 'RAFAEL.PINHEIRO@FIXPAY.COM.BR' into text field '//input[contains(@type,'text')]'.</msg>
<status status="PASS" starttime="20231003 11:52:10.361" endtime="20231003 11:52:10.525"/>
</kw>
<kw name="Input Text" library="SeleniumLibrary">
<arg>locator=//input[contains(@type,'password')]</arg>
<arg>text=123456</arg>
<doc>Types the given ``text`` into the text field identified by ``locator``.</doc>
<msg timestamp="20231003 11:52:10.528" level="INFO">Typing text '123456' into text field '//input[contains(@type,'password')]'.</msg>
<status status="PASS" starttime="20231003 11:52:10.525" endtime="20231003 11:52:10.617"/>
</kw>
<kw name="Click Element" library="SeleniumLibrary">
<arg>locator=//button[@class='btn btn-primary w-100 fw-semibold'][contains(.,'Entrar')]</arg>
<doc>Click the element identified by ``locator``.</doc>
<msg timestamp="20231003 11:52:10.617" level="INFO">Clicking element '//button[@class='btn btn-primary w-100 fw-semibold'][contains(.,'Entrar')]'.</msg>
<status status="PASS" starttime="20231003 11:52:10.617" endtime="20231003 11:52:10.674"/>
</kw>
<kw name="Wait Until Page Contains" library="SeleniumLibrary">
<arg>text=Bem-vindo ao intranet do Parcelaconta, RAFAEL PINHEIRO!</arg>
<doc>Waits until ``text`` appears on the current page.</doc>
<status status="PASS" starttime="20231003 11:52:10.674" endtime="20231003 11:52:11.640"/>
</kw>
<status status="PASS" starttime="20231003 11:52:06.968" endtime="20231003 11:52:11.640"/>
</kw>
<kw name="Quando entrar na tela dashboard verificar o texto do titulo Dashboard" library="dashboard_resourcer">
<kw name="Wait Until Page Contains" library="SeleniumLibrary">
<arg>text=Dashboard</arg>
<doc>Waits until ``text`` appears on the current page.</doc>
<status status="PASS" starttime="20231003 11:52:11.640" endtime="20231003 11:52:11.708"/>
</kw>
<status status="PASS" starttime="20231003 11:52:11.640" endtime="20231003 11:52:11.708"/>
</kw>
<kw name="E verificar se a imagem de pizza do pagamento existe" library="dashboard_resourcer">
<kw name="Page Should Contain Element" library="SeleniumLibrary">
<arg>id=chart-cons-billets</arg>
<doc>Verifies that element ``locator`` is found on the current page.</doc>
<msg timestamp="20231003 11:52:11.728" level="INFO">Current page contains element 'id=chart-cons-billets'.</msg>
<status status="PASS" starttime="20231003 11:52:11.710" endtime="20231003 11:52:11.728"/>
</kw>
<status status="PASS" starttime="20231003 11:52:11.710" endtime="20231003 11:52:11.728"/>
</kw>
<kw name="Então verificar se o grafico de boletos pagos existe" library="dashboard_resourcer">
<kw name="Page Should Contain Element" library="SeleniumLibrary">
<arg>class=chart-canvas</arg>
<doc>Verifies that element ``locator`` is found on the current page.</doc>
<msg timestamp="20231003 11:52:11.743" level="INFO">Current page contains element 'class=chart-canvas'.</msg>
<status status="PASS" starttime="20231003 11:52:11.729" endtime="20231003 11:52:11.743"/>
</kw>
<status status="PASS" starttime="20231003 11:52:11.728" endtime="20231003 11:52:11.744"/>
</kw>
<tag>dashboard</tag>
<status status="PASS" starttime="20231003 11:52:04.568" endtime="20231003 11:52:11.744"/>
</test>
<status status="PASS" starttime="20231003 11:52:04.426" endtime="20231003 11:52:11.745"/>
</suite>
<statistics>
<total>
<stat pass="1" fail="0" skip="0">All Tests</stat>
</total>
<tag>
<stat pass="1" fail="0" skip="0">dashboard</stat>
</tag>
<suite>
<stat pass="1" fail="0" skip="0" id="s1" name="Dashboard">Dashboard</stat>
</suite>
</statistics>
<errors>
</errors>
</robot>
